[13:08:13] [main/INFO]: Building optimized datafixer
[13:08:16] [Render thread/INFO]: Environment: authHost='https://authserver.mojang.com', accountsHost='https://api.mojang.com', sessionHost='https://sessionserver.mojang.com', servicesHost='https://api.minecraftservices.com', name='PROD'
[13:08:17] [Render thread/INFO]: Setting user: LiamBennett
[13:08:17] [Render thread/INFO]: Backend library: LWJGL version 3.3.1 build 7
[13:08:20] [Render thread/INFO]: Narrator library for x64 successfully loaded
[13:08:20] [Render thread/INFO]: Reloading ResourceManager: Default
[13:08:27] [Render thread/WARN]: Missing sound for event: minecraft:item.goat_horn.play
[13:08:27] [Render thread/WARN]: Missing sound for event: minecraft:entity.goat.screaming.horn_break
[13:08:27] [Render thread/INFO]: OpenAL initialized on device OpenAL Soft on Speakers (Realtek(R) Audio)
[13:08:27] [Render thread/INFO]: Sound engine started
[13:08:28] [Render thread/INFO]: Created: 1024x1024x4 minecraft:textures/atlas/blocks.png-atlas
[13:08:28] [Render thread/INFO]: Created: 256x128x4 minecraft:textures/atlas/signs.png-atlas
[13:08:28] [Render thread/INFO]: Created: 1024x512x4 minecraft:textures/atlas/banner_patterns.png-atlas
[13:08:28] [Render thread/INFO]: Created: 1024x512x4 minecraft:textures/atlas/shield_patterns.png-atlas
[13:08:28] [Render thread/INFO]: Created: 256x256x4 minecraft:textures/atlas/chest.png-atlas
[13:08:28] [Render thread/INFO]: Created: 512x256x4 minecraft:textures/atlas/beds.png-atlas
[13:08:28] [Render thread/INFO]: Created: 512x256x4 minecraft:textures/atlas/shulker_boxes.png-atlas
[13:08:31] [Render thread/WARN]: Shader rendertype_entity_translucent_emissive could not find sampler named Sampler2 in the specified shader program.
[13:08:33] [Render thread/INFO]: Created: 512x256x0 minecraft:textures/atlas/particles.png-atlas
[13:08:33] [Render thread/INFO]: Created: 256x256x0 minecraft:textures/atlas/paintings.png-atlas
[13:08:33] [Render thread/INFO]: Created: 256x128x0 minecraft:textures/atlas/mob_effects.png-atlas
[13:09:14] [Render thread/INFO]: Reloading ResourceManager: Default
[13:09:18] [Render thread/WARN]: Missing sound for event: minecraft:item.goat_horn.play
[13:09:18] [Render thread/WARN]: Missing sound for event: minecraft:entity.goat.screaming.horn_break
[13:09:18] [Render thread/INFO]: OpenAL initialized on device OpenAL Soft on Speakers (Realtek(R) Audio)
[13:09:18] [Render thread/INFO]: Sound engine started
[13:09:18] [Render thread/INFO]: Created: 1024x1024x4 minecraft:textures/atlas/blocks.png-atlas
[13:09:19] [Render thread/INFO]: Created: 256x128x4 minecraft:textures/atlas/signs.png-atlas
[13:09:19] [Render thread/INFO]: Created: 1024x512x4 minecraft:textures/atlas/banner_patterns.png-atlas
[13:09:19] [Render thread/INFO]: Created: 1024x512x4 minecraft:textures/atlas/shield_patterns.png-atlas
[13:09:19] [Render thread/INFO]: Created: 256x256x4 minecraft:textures/atlas/chest.png-atlas
[13:09:19] [Render thread/INFO]: Created: 512x256x4 minecraft:textures/atlas/beds.png-atlas
[13:09:19] [Render thread/INFO]: Created: 512x256x4 minecraft:textures/atlas/shulker_boxes.png-atlas
[13:09:20] [Render thread/WARN]: Shader rendertype_entity_translucent_emissive could not find sampler named Sampler2 in the specified shader program.
[13:09:22] [Render thread/INFO]: Created: 512x256x0 minecraft:textures/atlas/particles.png-atlas
[13:09:22] [Render thread/INFO]: Created: 256x256x0 minecraft:textures/atlas/paintings.png-atlas
[13:09:22] [Render thread/INFO]: Created: 256x128x0 minecraft:textures/atlas/mob_effects.png-atlas
[13:09:28] [MCO Compatability Checker #1/INFO]: Realms is available for this user
[13:09:38] [Render thread/INFO]: Stopping!
